<?xml version="1.0" encoding="UTF-8"?>
<!-- Generated by org.testng.reporters.JUnitReportReporter -->
<testsuite hostname="DESKTOP-2DNUNSD" failures="0" tests="7" name="com.verizon.SumTest" time="0.013" errors="0" timestamp="2024-08-21T14:22:38 IST" skipped="1">
  <testcase classname="com.verizon.SumTest" name="addNumTest1" time="0.001"/>
  <testcase classname="com.verizon.SumTest" name="addNumTest1" time="0.001"/>
  <testcase classname="com.verizon.SumTest" name="addNumTest1" time="0.007"/>
  <testcase classname="com.verizon.SumTest" name="addNumTest1" time="0.002"/>
  <testcase classname="com.verizon.SumTest" name="addNumTest1" time="0.001"/>
  <testcase classname="com.verizon.SumTest" name="addNumTest" time="0.001"/>
  <testcase classname="com.verizon.SumTest" name="addNumTest2">
    <skipped/>
  </testcase> <!-- addNumTest2 -->
</testsuite> <!-- com.verizon.SumTest -->
