<?xml version="1.0" encoding="UTF-8"?>
<!-- Generated by org.testng.reporters.JUnitReportReporter -->
<testsuite hostname="DESKTOP-2DNUNSD" failures="0" tests="1" name="NewTest" time="0.008" errors="0" timestamp="2024-08-21T14:48:00 IST" skipped="0">
  <testcase classname="NewTest" name="f" time="0.008"/>
</testsuite> <!-- NewTest -->
