<?xml version="1.0" encoding="UTF-8"?>
<!-- Generated by org.testng.reporters.JUnitReportReporter -->
<testsuite hostname="DESKTOP-2DNUNSD" failures="0" tests="1" name="com.verizon.com.verizon.SumTest" time="0.005" errors="0" timestamp="2024-08-21T14:12:20 IST" skipped="0">
  <testcase classname="com.verizon.com.verizon.SumTest" name="addNumTest" time="0.005"/>
</testsuite> <!-- com.verizon.com.verizon.SumTest -->
